<?xml version="1.0" encoding="UTF-8"?>
<testsuites name="Register Case" time="269.919" tests="4" failures="0" errors="0">
   <testsuite name="Register Case" tests="4" failures="0" errors="0" time="269.919" skipped="0" timestamp="2023-02-01 15:20:49" hostname="User-PC - DESKTOP-NJ1DL4D" id="Test Suites/Mobile/Register Case">
      <properties>
         <property name="deviceName" value="emulator-5554 (sdk_gphone_x86 - Android 11)"/>
         <property name="devicePlatform" value=""/>
         <property name="logFolder" value="C:\\Users\\User-PC\\git\\FP-QA\\Reports\\20230201_152046\\Mobile\\Register Case\\20230201_152046"/>
         <property name="logFiles" value="C:\\Users\\User-PC\\git\\FP-QA\\Reports\\20230201_152046\\Mobile\\Register Case\\20230201_152046\\appium.log, C:\\Users\\User-PC\\git\\FP-QA\\Reports\\20230201_152046\\Mobile\\Register Case\\20230201_152046\\execution0.log"/>
         <property name="attachments" value=""/>
         <property name="hostName" value="User-PC - DESKTOP-NJ1DL4D"/>
         <property name="os" value="Windows 10 64bit"/>
         <property name="appiumServerStatus" value="{&quot;value&quot;:{&quot;build&quot;:{&quot;version&quot;:&quot;1.22.3&quot;}},&quot;sessionId&quot;:null,&quot;status&quot;:0}"/>
         <property name="katalonVersion" value="8.5.5.208"/>
         <property name="deviceOS" value="Android"/>
         <property name="appiumVersion" value="1.22.3"/>
         <property name="deviceModel" value="sdk_gphone_x86"/>
         <property name="hostAddress" value="192.168.1.2"/>
         <property name="deviceManufacturer" value="Google"/>
         <property name="deviceId" value="emulator-5554"/>
         <property name="deviceName" value="emulator-5554 (sdk_gphone_x86 - Android 11)"/>
         <property name="deviceOSVersion" value="11"/>
      </properties>
      <testcase name="Test Cases/Mobile/TS01 - Register/TC01 - Register Success" time="85.884" classname="Test Cases/Mobile/TS01 - Register/TC01 - Register Success" status="PASSED">
         <system-out><![CDATA[2023-02-01 15:20:49 - [TEST_CASE][PASSED] - Test Cases/Mobile/TS01 - Register/TC01 - Register Success: Test Cases/Mobile/TS01 - Register/TC01 - Register Success

2023-02-01 15:20:49 - [TEST_STEP][PASSED] - startApplication("C:\Users\User-PC\Downloads\apk\Demo_APP_CodingID_1.0.apk", true): Started app at: 'C:\Users\User-PC\Downloads\apk\Demo_APP_CodingID_1.0.apk'

2023-02-01 15:20:50 - [MESSAGE][INFO] - Detected NodeJS location: "C:\Program Files\nodejs\node.exe"

2023-02-01 15:20:51 - [MESSAGE][INFO] - Appium server started on port 56,847

2023-02-01 15:21:08 - [MESSAGE][PASSED] - Started app at: 'C:\Users\User-PC\Downloads\apk\Demo_APP_CodingID_1.0.apk'

2023-02-01 15:21:08 - [TEST_STEP][PASSED] - tap(findTestObject("Object Repository/Register_Mobile/button_Login Here"), 0): Tapped on element 'Object Repository/Register_Mobile/button_Login Here'

2023-02-01 15:21:08 - [MESSAGE][WARNING] - Timeout '0' is invalid. Using default page load timeout: '30'

2023-02-01 15:21:13 - [MESSAGE][PASSED] - Tapped on element 'Object Repository/Register_Mobile/button_Login Here'

2023-02-01 15:21:13 - [TEST_STEP][PASSED] - tap(findTestObject("Object Repository/Register_Mobile/button_Register"), 0): Tapped on element 'Object Repository/Register_Mobile/button_Register'

2023-02-01 15:21:13 - [MESSAGE][WARNING] - Timeout '0' is invalid. Using default page load timeout: '30'

2023-02-01 15:21:15 - [MESSAGE][PASSED] - Tapped on element 'Object Repository/Register_Mobile/button_Register'

2023-02-01 15:21:15 - [TEST_STEP][PASSED] - setText(findTestObject("Object Repository/Register_Mobile/textbox_Nama"), "muhamad trian diwandanu", 0): Text 'muhamad trian diwandanu' has been set to element 'Object Repository/Register_Mobile/textbox_Nama'

2023-02-01 15:21:15 - [MESSAGE][WARNING] - Timeout '0' is invalid. Using default page load timeout: '30'

2023-02-01 15:21:17 - [MESSAGE][PASSED] - Text 'muhamad trian diwandanu' has been set to element 'Object Repository/Register_Mobile/textbox_Nama'

2023-02-01 15:21:17 - [TEST_STEP][PASSED] - tap(findTestObject("Object Repository/Register_Mobile/button_Calendar"), 0): Tapped on element 'Object Repository/Register_Mobile/button_Calendar'

2023-02-01 15:21:17 - [MESSAGE][WARNING] - Timeout '0' is invalid. Using default page load timeout: '30'

2023-02-01 15:21:19 - [MESSAGE][PASSED] - Tapped on element 'Object Repository/Register_Mobile/button_Calendar'

2023-02-01 15:21:19 - [TEST_STEP][PASSED] - tap(findTestObject("Object Repository/Register_Mobile/button_Pilih Tahun"), 0): Tapped on element 'Object Repository/Register_Mobile/button_Pilih Tahun'

2023-02-01 15:21:19 - [MESSAGE][WARNING] - Timeout '0' is invalid. Using default page load timeout: '30'

2023-02-01 15:21:20 - [MESSAGE][PASSED] - Tapped on element 'Object Repository/Register_Mobile/button_Pilih Tahun'

2023-02-01 15:21:20 - [TEST_STEP][PASSED] - tap(findTestObject("Object Repository/Register_Mobile/button_Tahun 2010"), 0): Tapped on element 'Object Repository/Register_Mobile/button_Tahun 2010'

2023-02-01 15:21:20 - [MESSAGE][WARNING] - Timeout '0' is invalid. Using default page load timeout: '30'

2023-02-01 15:21:21 - [MESSAGE][PASSED] - Tapped on element 'Object Repository/Register_Mobile/button_Tahun 2010'

2023-02-01 15:21:21 - [TEST_STEP][PASSED] - tap(findTestObject("Object Repository/Register_Mobile/button_Tanggal 25"), 0): Tapped on element 'Object Repository/Register_Mobile/button_Tanggal 25'

2023-02-01 15:21:21 - [MESSAGE][WARNING] - Timeout '0' is invalid. Using default page load timeout: '30'

2023-02-01 15:21:22 - [MESSAGE][PASSED] - Tapped on element 'Object Repository/Register_Mobile/button_Tanggal 25'

2023-02-01 15:21:22 - [TEST_STEP][PASSED] - tap(findTestObject("Object Repository/Register_Mobile/button_Calendar OK"), 0): Tapped on element 'Object Repository/Register_Mobile/button_Calendar OK'

2023-02-01 15:21:22 - [MESSAGE][WARNING] - Timeout '0' is invalid. Using default page load timeout: '30'

2023-02-01 15:21:22 - [MESSAGE][PASSED] - Tapped on element 'Object Repository/Register_Mobile/button_Calendar OK'

2023-02-01 15:21:22 - [TEST_STEP][PASSED] - setText(findTestObject("Object Repository/Register_Mobile/textbox_Email"), "noreplydesignby@gmail.com", 0): Text 'noreplydesignby@gmail.com' has been set to element 'Object Repository/Register_Mobile/textbox_Email'

2023-02-01 15:21:22 - [MESSAGE][WARNING] - Timeout '0' is invalid. Using default page load timeout: '30'

2023-02-01 15:21:24 - [MESSAGE][PASSED] - Text 'noreplydesignby@gmail.com' has been set to element 'Object Repository/Register_Mobile/textbox_Email'

2023-02-01 15:21:24 - [TEST_STEP][PASSED] - setText(findTestObject("Object Repository/Register_Mobile/textbox_Whatsapp"), "081288527785", 0): Text '081288527785' has been set to element 'Object Repository/Register_Mobile/textbox_Whatsapp'

2023-02-01 15:21:24 - [MESSAGE][WARNING] - Timeout '0' is invalid. Using default page load timeout: '30'

2023-02-01 15:21:26 - [MESSAGE][PASSED] - Text '081288527785' has been set to element 'Object Repository/Register_Mobile/textbox_Whatsapp'

2023-02-01 15:21:26 - [TEST_STEP][PASSED] - setText(findTestObject("Object Repository/Register_Mobile/textbox_Kata Sandi"), "pw123456", 0): Text 'pw123456' has been set to element 'Object Repository/Register_Mobile/textbox_Kata Sandi'

2023-02-01 15:21:26 - [MESSAGE][WARNING] - Timeout '0' is invalid. Using default page load timeout: '30'

2023-02-01 15:21:27 - [MESSAGE][PASSED] - Text 'pw123456' has been set to element 'Object Repository/Register_Mobile/textbox_Kata Sandi'

2023-02-01 15:21:27 - [TEST_STEP][PASSED] - setText(findTestObject("Object Repository/Register_Mobile/textbox_Konfirmasi Kata Sandi"), "pw123456", 0): Text 'pw123456' has been set to element 'Object Repository/Register_Mobile/textbox_Konfirmasi Kata Sandi'

2023-02-01 15:21:27 - [MESSAGE][WARNING] - Timeout '0' is invalid. Using default page load timeout: '30'

2023-02-01 15:21:29 - [MESSAGE][PASSED] - Text 'pw123456' has been set to element 'Object Repository/Register_Mobile/textbox_Konfirmasi Kata Sandi'

2023-02-01 15:21:29 - [TEST_STEP][PASSED] - tap(findTestObject("Object Repository/Register_Mobile/button_Checkbox"), 0): Tapped on element 'Object Repository/Register_Mobile/button_Checkbox'

2023-02-01 15:21:29 - [MESSAGE][WARNING] - Timeout '0' is invalid. Using default page load timeout: '30'

2023-02-01 15:21:30 - [MESSAGE][PASSED] - Tapped on element 'Object Repository/Register_Mobile/button_Checkbox'

2023-02-01 15:21:30 - [TEST_STEP][PASSED] - tap(findTestObject("Object Repository/Register_Mobile/button_Daftar"), 0): Tapped on element 'Object Repository/Register_Mobile/button_Daftar'

2023-02-01 15:21:30 - [MESSAGE][WARNING] - Timeout '0' is invalid. Using default page load timeout: '30'

2023-02-01 15:22:01 - [MESSAGE][PASSED] - Tapped on element 'Object Repository/Register_Mobile/button_Daftar'

2023-02-01 15:22:01 - [TEST_STEP][PASSED] - verifyElementExist(findTestObject("Object Repository/Register_Mobile/text_Verification Email"), 0): Element 'Object Repository/Register_Mobile/text_Verification Email' is exist

2023-02-01 15:22:01 - [MESSAGE][WARNING] - Timeout '0' is invalid. Using default page load timeout: '30'

2023-02-01 15:22:05 - [MESSAGE][PASSED] - Element 'Object Repository/Register_Mobile/text_Verification Email' is exist

2023-02-01 15:22:05 - [TEST_STEP][PASSED] - closeApplication(): Close app successfully

2023-02-01 15:22:15 - [MESSAGE][PASSED] - Close app successfully]]></system-out>
         <system-err><![CDATA[]]></system-err>
      </testcase>
      <testcase name="Test Cases/Mobile/TS01 - Register/TC02 - Register Success_2" time="86.564" classname="Test Cases/Mobile/TS01 - Register/TC02 - Register Success_2" status="PASSED">
         <system-out><![CDATA[2023-02-01 15:22:15 - [TEST_CASE][PASSED] - Test Cases/Mobile/TS01 - Register/TC02 - Register Success_2: Test Cases/Mobile/TS01 - Register/TC02 - Register Success_2

2023-02-01 15:22:15 - [TEST_STEP][PASSED] - startApplication("C:\Users\User-PC\Downloads\apk\Demo_APP_CodingID_1.0.apk", true): Started app at: 'C:\Users\User-PC\Downloads\apk\Demo_APP_CodingID_1.0.apk'

2023-02-01 15:22:15 - [MESSAGE][INFO] - Detected NodeJS location: "C:\Program Files\nodejs\node.exe"

2023-02-01 15:22:17 - [MESSAGE][INFO] - Appium server started on port 57,187

2023-02-01 15:22:42 - [MESSAGE][PASSED] - Started app at: 'C:\Users\User-PC\Downloads\apk\Demo_APP_CodingID_1.0.apk'

2023-02-01 15:22:42 - [TEST_STEP][PASSED] - tap(findTestObject("Object Repository/Register_Mobile/button_Login Here"), 0): Tapped on element 'Object Repository/Register_Mobile/button_Login Here'

2023-02-01 15:22:42 - [MESSAGE][WARNING] - Timeout '0' is invalid. Using default page load timeout: '30'

2023-02-01 15:22:49 - [MESSAGE][PASSED] - Tapped on element 'Object Repository/Register_Mobile/button_Login Here'

2023-02-01 15:22:49 - [TEST_STEP][PASSED] - tap(findTestObject("Object Repository/Register_Mobile/button_Register"), 0): Tapped on element 'Object Repository/Register_Mobile/button_Register'

2023-02-01 15:22:49 - [MESSAGE][WARNING] - Timeout '0' is invalid. Using default page load timeout: '30'

2023-02-01 15:22:50 - [MESSAGE][PASSED] - Tapped on element 'Object Repository/Register_Mobile/button_Register'

2023-02-01 15:22:50 - [TEST_STEP][PASSED] - setText(findTestObject("Object Repository/Register_Mobile/textbox_Nama"), "MUHAMAD TRIAN DIWANDANU", 0): Text 'MUHAMAD TRIAN DIWANDANU' has been set to element 'Object Repository/Register_Mobile/textbox_Nama'

2023-02-01 15:22:50 - [MESSAGE][WARNING] - Timeout '0' is invalid. Using default page load timeout: '30'

2023-02-01 15:22:52 - [MESSAGE][PASSED] - Text 'MUHAMAD TRIAN DIWANDANU' has been set to element 'Object Repository/Register_Mobile/textbox_Nama'

2023-02-01 15:22:52 - [TEST_STEP][PASSED] - tap(findTestObject("Object Repository/Register_Mobile/button_Calendar"), 0): Tapped on element 'Object Repository/Register_Mobile/button_Calendar'

2023-02-01 15:22:52 - [MESSAGE][WARNING] - Timeout '0' is invalid. Using default page load timeout: '30'

2023-02-01 15:22:54 - [MESSAGE][PASSED] - Tapped on element 'Object Repository/Register_Mobile/button_Calendar'

2023-02-01 15:22:54 - [TEST_STEP][PASSED] - tap(findTestObject("Object Repository/Register_Mobile/button_Pilih Tahun"), 0): Tapped on element 'Object Repository/Register_Mobile/button_Pilih Tahun'

2023-02-01 15:22:54 - [MESSAGE][WARNING] - Timeout '0' is invalid. Using default page load timeout: '30'

2023-02-01 15:22:55 - [MESSAGE][PASSED] - Tapped on element 'Object Repository/Register_Mobile/button_Pilih Tahun'

2023-02-01 15:22:55 - [TEST_STEP][PASSED] - tap(findTestObject("Object Repository/Register_Mobile/button_Tahun 2010"), 0): Tapped on element 'Object Repository/Register_Mobile/button_Tahun 2010'

2023-02-01 15:22:55 - [MESSAGE][WARNING] - Timeout '0' is invalid. Using default page load timeout: '30'

2023-02-01 15:22:56 - [MESSAGE][PASSED] - Tapped on element 'Object Repository/Register_Mobile/button_Tahun 2010'

2023-02-01 15:22:56 - [TEST_STEP][PASSED] - tap(findTestObject("Object Repository/Register_Mobile/button_Tanggal 25"), 0): Tapped on element 'Object Repository/Register_Mobile/button_Tanggal 25'

2023-02-01 15:22:56 - [MESSAGE][WARNING] - Timeout '0' is invalid. Using default page load timeout: '30'

2023-02-01 15:22:57 - [MESSAGE][PASSED] - Tapped on element 'Object Repository/Register_Mobile/button_Tanggal 25'

2023-02-01 15:22:57 - [TEST_STEP][PASSED] - tap(findTestObject("Object Repository/Register_Mobile/button_Calendar OK"), 0): Tapped on element 'Object Repository/Register_Mobile/button_Calendar OK'

2023-02-01 15:22:57 - [MESSAGE][WARNING] - Timeout '0' is invalid. Using default page load timeout: '30'

2023-02-01 15:22:57 - [MESSAGE][PASSED] - Tapped on element 'Object Repository/Register_Mobile/button_Calendar OK'

2023-02-01 15:22:57 - [TEST_STEP][PASSED] - setText(findTestObject("Object Repository/Register_Mobile/textbox_Email"), "noreplydesignby@gmail.com", 0): Text 'noreplydesignby@gmail.com' has been set to element 'Object Repository/Register_Mobile/textbox_Email'

2023-02-01 15:22:58 - [MESSAGE][WARNING] - Timeout '0' is invalid. Using default page load timeout: '30'

2023-02-01 15:22:59 - [MESSAGE][PASSED] - Text 'noreplydesignby@gmail.com' has been set to element 'Object Repository/Register_Mobile/textbox_Email'

2023-02-01 15:22:59 - [TEST_STEP][PASSED] - setText(findTestObject("Object Repository/Register_Mobile/textbox_Whatsapp"), "081288527785", 0): Text '081288527785' has been set to element 'Object Repository/Register_Mobile/textbox_Whatsapp'

2023-02-01 15:22:59 - [MESSAGE][WARNING] - Timeout '0' is invalid. Using default page load timeout: '30'

2023-02-01 15:23:01 - [MESSAGE][PASSED] - Text '081288527785' has been set to element 'Object Repository/Register_Mobile/textbox_Whatsapp'

2023-02-01 15:23:01 - [TEST_STEP][PASSED] - setText(findTestObject("Object Repository/Register_Mobile/textbox_Kata Sandi"), "pw123456", 0): Text 'pw123456' has been set to element 'Object Repository/Register_Mobile/textbox_Kata Sandi'

2023-02-01 15:23:01 - [MESSAGE][WARNING] - Timeout '0' is invalid. Using default page load timeout: '30'

2023-02-01 15:23:03 - [MESSAGE][PASSED] - Text 'pw123456' has been set to element 'Object Repository/Register_Mobile/textbox_Kata Sandi'

2023-02-01 15:23:03 - [TEST_STEP][PASSED] - setText(findTestObject("Object Repository/Register_Mobile/textbox_Konfirmasi Kata Sandi"), "pw123456", 0): Text 'pw123456' has been set to element 'Object Repository/Register_Mobile/textbox_Konfirmasi Kata Sandi'

2023-02-01 15:23:03 - [MESSAGE][WARNING] - Timeout '0' is invalid. Using default page load timeout: '30'

2023-02-01 15:23:05 - [MESSAGE][PASSED] - Text 'pw123456' has been set to element 'Object Repository/Register_Mobile/textbox_Konfirmasi Kata Sandi'

2023-02-01 15:23:05 - [TEST_STEP][PASSED] - tap(findTestObject("Object Repository/Register_Mobile/button_Checkbox"), 0): Tapped on element 'Object Repository/Register_Mobile/button_Checkbox'

2023-02-01 15:23:05 - [MESSAGE][WARNING] - Timeout '0' is invalid. Using default page load timeout: '30'

2023-02-01 15:23:06 - [MESSAGE][PASSED] - Tapped on element 'Object Repository/Register_Mobile/button_Checkbox'

2023-02-01 15:23:06 - [TEST_STEP][PASSED] - tap(findTestObject("Object Repository/Register_Mobile/button_Daftar"), 0): Tapped on element 'Object Repository/Register_Mobile/button_Daftar'

2023-02-01 15:23:06 - [MESSAGE][WARNING] - Timeout '0' is invalid. Using default page load timeout: '30'

2023-02-01 15:23:36 - [MESSAGE][PASSED] - Tapped on element 'Object Repository/Register_Mobile/button_Daftar'

2023-02-01 15:23:36 - [TEST_STEP][PASSED] - verifyElementExist(findTestObject("Object Repository/Register_Mobile/text_Verification Email"), 0): Element 'Object Repository/Register_Mobile/text_Verification Email' is exist

2023-02-01 15:23:36 - [MESSAGE][WARNING] - Timeout '0' is invalid. Using default page load timeout: '30'

2023-02-01 15:23:40 - [MESSAGE][PASSED] - Element 'Object Repository/Register_Mobile/text_Verification Email' is exist

2023-02-01 15:23:40 - [TEST_STEP][PASSED] - closeApplication(): Close app successfully

2023-02-01 15:23:41 - [MESSAGE][PASSED] - Close app successfully]]></system-out>
         <system-err><![CDATA[]]></system-err>
      </testcase>
      <testcase name="Test Cases/Mobile/TS01 - Register/TC03 - Register Success_3" time="70.931" classname="Test Cases/Mobile/TS01 - Register/TC03 - Register Success_3" status="PASSED">
         <system-out><![CDATA[2023-02-01 15:23:41 - [TEST_CASE][PASSED] - Test Cases/Mobile/TS01 - Register/TC03 - Register Success_3: Test Cases/Mobile/TS01 - Register/TC03 - Register Success_3

2023-02-01 15:23:42 - [TEST_STEP][PASSED] - startApplication("C:\Users\User-PC\Downloads\apk\Demo_APP_CodingID_1.0.apk", true): Started app at: 'C:\Users\User-PC\Downloads\apk\Demo_APP_CodingID_1.0.apk'

2023-02-01 15:23:42 - [MESSAGE][INFO] - Detected NodeJS location: "C:\Program Files\nodejs\node.exe"

2023-02-01 15:23:43 - [MESSAGE][INFO] - Appium server started on port 57,509

2023-02-01 15:23:57 - [MESSAGE][PASSED] - Started app at: 'C:\Users\User-PC\Downloads\apk\Demo_APP_CodingID_1.0.apk'

2023-02-01 15:23:57 - [TEST_STEP][PASSED] - tap(findTestObject("Object Repository/Register_Mobile/button_Login Here"), 0): Tapped on element 'Object Repository/Register_Mobile/button_Login Here'

2023-02-01 15:23:57 - [MESSAGE][WARNING] - Timeout '0' is invalid. Using default page load timeout: '30'

2023-02-01 15:24:02 - [MESSAGE][PASSED] - Tapped on element 'Object Repository/Register_Mobile/button_Login Here'

2023-02-01 15:24:02 - [TEST_STEP][PASSED] - tap(findTestObject("Object Repository/Register_Mobile/button_Register"), 0): Tapped on element 'Object Repository/Register_Mobile/button_Register'

2023-02-01 15:24:02 - [MESSAGE][WARNING] - Timeout '0' is invalid. Using default page load timeout: '30'

2023-02-01 15:24:03 - [MESSAGE][PASSED] - Tapped on element 'Object Repository/Register_Mobile/button_Register'

2023-02-01 15:24:03 - [TEST_STEP][PASSED] - setText(findTestObject("Object Repository/Register_Mobile/textbox_Nama"), "Muhamad Trian Diwandanu", 0): Text 'Muhamad Trian Diwandanu' has been set to element 'Object Repository/Register_Mobile/textbox_Nama'

2023-02-01 15:24:03 - [MESSAGE][WARNING] - Timeout '0' is invalid. Using default page load timeout: '30'

2023-02-01 15:24:05 - [MESSAGE][PASSED] - Text 'Muhamad Trian Diwandanu' has been set to element 'Object Repository/Register_Mobile/textbox_Nama'

2023-02-01 15:24:05 - [TEST_STEP][PASSED] - tap(findTestObject("Object Repository/Register_Mobile/button_Calendar"), 0): Tapped on element 'Object Repository/Register_Mobile/button_Calendar'

2023-02-01 15:24:05 - [MESSAGE][WARNING] - Timeout '0' is invalid. Using default page load timeout: '30'

2023-02-01 15:24:06 - [MESSAGE][PASSED] - Tapped on element 'Object Repository/Register_Mobile/button_Calendar'

2023-02-01 15:24:06 - [TEST_STEP][PASSED] - tap(findTestObject("Object Repository/Register_Mobile/button_Pilih Tahun"), 0): Tapped on element 'Object Repository/Register_Mobile/button_Pilih Tahun'

2023-02-01 15:24:06 - [MESSAGE][WARNING] - Timeout '0' is invalid. Using default page load timeout: '30'

2023-02-01 15:24:08 - [MESSAGE][PASSED] - Tapped on element 'Object Repository/Register_Mobile/button_Pilih Tahun'

2023-02-01 15:24:08 - [TEST_STEP][PASSED] - tap(findTestObject("Object Repository/Register_Mobile/button_Tahun 2010"), 0): Tapped on element 'Object Repository/Register_Mobile/button_Tahun 2010'

2023-02-01 15:24:08 - [MESSAGE][WARNING] - Timeout '0' is invalid. Using default page load timeout: '30'

2023-02-01 15:24:09 - [MESSAGE][PASSED] - Tapped on element 'Object Repository/Register_Mobile/button_Tahun 2010'

2023-02-01 15:24:09 - [TEST_STEP][PASSED] - tap(findTestObject("Object Repository/Register_Mobile/button_Tanggal 25"), 0): Tapped on element 'Object Repository/Register_Mobile/button_Tanggal 25'

2023-02-01 15:24:09 - [MESSAGE][WARNING] - Timeout '0' is invalid. Using default page load timeout: '30'

2023-02-01 15:24:09 - [MESSAGE][PASSED] - Tapped on element 'Object Repository/Register_Mobile/button_Tanggal 25'

2023-02-01 15:24:09 - [TEST_STEP][PASSED] - tap(findTestObject("Object Repository/Register_Mobile/button_Calendar OK"), 0): Tapped on element 'Object Repository/Register_Mobile/button_Calendar OK'

2023-02-01 15:24:09 - [MESSAGE][WARNING] - Timeout '0' is invalid. Using default page load timeout: '30'

2023-02-01 15:24:10 - [MESSAGE][PASSED] - Tapped on element 'Object Repository/Register_Mobile/button_Calendar OK'

2023-02-01 15:24:10 - [TEST_STEP][PASSED] - setText(findTestObject("Object Repository/Register_Mobile/textbox_Email"), "noreplydesignby@gmail.com", 0): Text 'noreplydesignby@gmail.com' has been set to element 'Object Repository/Register_Mobile/textbox_Email'

2023-02-01 15:24:10 - [MESSAGE][WARNING] - Timeout '0' is invalid. Using default page load timeout: '30'

2023-02-01 15:24:11 - [MESSAGE][PASSED] - Text 'noreplydesignby@gmail.com' has been set to element 'Object Repository/Register_Mobile/textbox_Email'

2023-02-01 15:24:11 - [TEST_STEP][PASSED] - setText(findTestObject("Object Repository/Register_Mobile/textbox_Whatsapp"), "081288527785", 0): Text '081288527785' has been set to element 'Object Repository/Register_Mobile/textbox_Whatsapp'

2023-02-01 15:24:11 - [MESSAGE][WARNING] - Timeout '0' is invalid. Using default page load timeout: '30'

2023-02-01 15:24:13 - [MESSAGE][PASSED] - Text '081288527785' has been set to element 'Object Repository/Register_Mobile/textbox_Whatsapp'

2023-02-01 15:24:13 - [TEST_STEP][PASSED] - setText(findTestObject("Object Repository/Register_Mobile/textbox_Kata Sandi"), "pw123456", 0): Text 'pw123456' has been set to element 'Object Repository/Register_Mobile/textbox_Kata Sandi'

2023-02-01 15:24:13 - [MESSAGE][WARNING] - Timeout '0' is invalid. Using default page load timeout: '30'

2023-02-01 15:24:14 - [MESSAGE][PASSED] - Text 'pw123456' has been set to element 'Object Repository/Register_Mobile/textbox_Kata Sandi'

2023-02-01 15:24:14 - [TEST_STEP][PASSED] - setText(findTestObject("Object Repository/Register_Mobile/textbox_Konfirmasi Kata Sandi"), "pw123456", 0): Text 'pw123456' has been set to element 'Object Repository/Register_Mobile/textbox_Konfirmasi Kata Sandi'

2023-02-01 15:24:15 - [MESSAGE][WARNING] - Timeout '0' is invalid. Using default page load timeout: '30'

2023-02-01 15:24:16 - [MESSAGE][PASSED] - Text 'pw123456' has been set to element 'Object Repository/Register_Mobile/textbox_Konfirmasi Kata Sandi'

2023-02-01 15:24:16 - [TEST_STEP][PASSED] - tap(findTestObject("Object Repository/Register_Mobile/button_Checkbox"), 0): Tapped on element 'Object Repository/Register_Mobile/button_Checkbox'

2023-02-01 15:24:16 - [MESSAGE][WARNING] - Timeout '0' is invalid. Using default page load timeout: '30'

2023-02-01 15:24:18 - [MESSAGE][PASSED] - Tapped on element 'Object Repository/Register_Mobile/button_Checkbox'

2023-02-01 15:24:18 - [TEST_STEP][PASSED] - tap(findTestObject("Object Repository/Register_Mobile/button_Daftar"), 0): Tapped on element 'Object Repository/Register_Mobile/button_Daftar'

2023-02-01 15:24:18 - [MESSAGE][WARNING] - Timeout '0' is invalid. Using default page load timeout: '30'

2023-02-01 15:24:48 - [MESSAGE][PASSED] - Tapped on element 'Object Repository/Register_Mobile/button_Daftar'

2023-02-01 15:24:48 - [TEST_STEP][PASSED] - verifyElementExist(findTestObject("Object Repository/Register_Mobile/text_Verification Email"), 0): Element 'Object Repository/Register_Mobile/text_Verification Email' is exist

2023-02-01 15:24:48 - [MESSAGE][WARNING] - Timeout '0' is invalid. Using default page load timeout: '30'

2023-02-01 15:24:51 - [MESSAGE][PASSED] - Element 'Object Repository/Register_Mobile/text_Verification Email' is exist

2023-02-01 15:24:51 - [TEST_STEP][PASSED] - closeApplication(): Close app successfully

2023-02-01 15:24:52 - [MESSAGE][PASSED] - Close app successfully]]></system-out>
         <system-err><![CDATA[]]></system-err>
      </testcase>
      <testcase name="Test Cases/Mobile/TS01 - Register/TC04 - Register Failed" time="26.264" classname="Test Cases/Mobile/TS01 - Register/TC04 - Register Failed" status="PASSED">
         <system-out><![CDATA[2023-02-01 15:24:52 - [TEST_CASE][PASSED] - Test Cases/Mobile/TS01 - Register/TC04 - Register Failed: Test Cases/Mobile/TS01 - Register/TC04 - Register Failed

2023-02-01 15:24:53 - [TEST_STEP][PASSED] - startApplication("C:\Users\User-PC\Downloads\apk\Demo_APP_CodingID_1.0.apk", true): Started app at: 'C:\Users\User-PC\Downloads\apk\Demo_APP_CodingID_1.0.apk'

2023-02-01 15:24:53 - [MESSAGE][INFO] - Detected NodeJS location: "C:\Program Files\nodejs\node.exe"

2023-02-01 15:24:54 - [MESSAGE][INFO] - Appium server started on port 57,792

2023-02-01 15:25:07 - [MESSAGE][PASSED] - Started app at: 'C:\Users\User-PC\Downloads\apk\Demo_APP_CodingID_1.0.apk'

2023-02-01 15:25:07 - [TEST_STEP][PASSED] - tap(findTestObject("Object Repository/Register_Mobile/button_Login Here"), 0): Tapped on element 'Object Repository/Register_Mobile/button_Login Here'

2023-02-01 15:25:08 - [MESSAGE][WARNING] - Timeout '0' is invalid. Using default page load timeout: '30'

2023-02-01 15:25:13 - [MESSAGE][PASSED] - Tapped on element 'Object Repository/Register_Mobile/button_Login Here'

2023-02-01 15:25:13 - [TEST_STEP][PASSED] - tap(findTestObject("Object Repository/Register_Mobile/button_Register"), 0): Tapped on element 'Object Repository/Register_Mobile/button_Register'

2023-02-01 15:25:13 - [MESSAGE][WARNING] - Timeout '0' is invalid. Using default page load timeout: '30'

2023-02-01 15:25:14 - [MESSAGE][PASSED] - Tapped on element 'Object Repository/Register_Mobile/button_Register'

2023-02-01 15:25:14 - [TEST_STEP][PASSED] - setText(findTestObject("Object Repository/Register_Mobile/textbox_Nama"), "trian@*%!@#", 0): Text 'trian@*%!@#' has been set to element 'Object Repository/Register_Mobile/textbox_Nama'

2023-02-01 15:25:14 - [MESSAGE][WARNING] - Timeout '0' is invalid. Using default page load timeout: '30'

2023-02-01 15:25:16 - [MESSAGE][PASSED] - Text 'trian@*%!@#' has been set to element 'Object Repository/Register_Mobile/textbox_Nama'

2023-02-01 15:25:16 - [TEST_STEP][PASSED] - verifyElementExist(findTestObject("Object Repository/Register_Mobile/text_Name must be alphabetic"), 0): Element 'Object Repository/Register_Mobile/text_Name must be alphabetic' is exist

2023-02-01 15:25:16 - [MESSAGE][WARNING] - Timeout '0' is invalid. Using default page load timeout: '30'

2023-02-01 15:25:17 - [MESSAGE][PASSED] - Element 'Object Repository/Register_Mobile/text_Name must be alphabetic' is exist

2023-02-01 15:25:17 - [TEST_STEP][PASSED] - closeApplication(): Close app successfully

2023-02-01 15:25:18 - [MESSAGE][PASSED] - Close app successfully]]></system-out>
         <system-err><![CDATA[]]></system-err>
      </testcase>
      <system-out><![CDATA[2023-02-01 15:20:49 - [TEST_SUITE][PASSED] - Register Case: Test Cases/Mobile/TS01 - Register/TC04 - Register Failed]]></system-out>
      <system-err><![CDATA[]]></system-err>
   </testsuite>
</testsuites>
